app/build/intermediates/manifest_merge_blame_file/debug/manifest-merger-blame-debug-report.txt
1<?xml version="1.0" encoding="utf-8"?>
2<manifest xmlns:android="http://schemas.android.com/apk/res/android"
3    package="com.example.a35study"
4    android:versionCode="1"
5    android:versionName="1.0" >
6
7    <uses-sdk
8        android:minSdkVersion="23"
8-->src/main/AndroidManifest.xml
9        android:targetSdkVersion="30" />
9-->src/main/AndroidManifest.xml
10
11    <application
11-->src/main/AndroidManifest.xml:5:5-28:19
12        android:allowBackup="true"
12-->src/main/AndroidManifest.xml:6:9-35
13        android:appComponentFactory="androidx.core.app.CoreComponentFactory"
13-->[androidx.core:core:1.5.0] AndroidManifest.xml:24:18-86
14        android:debuggable="true"
15        android:extractNativeLibs="false"
16        android:icon="@mipmap/ic_launcher"
16-->src/main/AndroidManifest.xml:7:9-43
17        android:label="@string/app_name"
17-->src/main/AndroidManifest.xml:8:9-41
18        android:roundIcon="@mipmap/ic_launcher_round"
18-->src/main/AndroidManifest.xml:9:9-54
19        android:supportsRtl="true"
19-->src/main/AndroidManifest.xml:10:9-35
20        android:testOnly="true"
21        android:theme="@style/Theme.35study" >
21-->src/main/AndroidManifest.xml:11:9-45
22        <activity android:name="com.example.a35study.SnakeElement" />
22-->src/main/AndroidManifest.xml:12:9-59
22-->src/main/AndroidManifest.xml:12:19-47
23        <activity android:name="com.example.a35study.RoomWall" />
23-->src/main/AndroidManifest.xml:13:9-46
23-->src/main/AndroidManifest.xml:13:19-43
24        <activity android:name="com.example.a35study.GameEngine" />
24-->src/main/AndroidManifest.xml:14:9-48
24-->src/main/AndroidManifest.xml:14:19-45
25        <activity android:name="com.example.a35study.BoardComponent" />
25-->src/main/AndroidManifest.xml:15:9-52
25-->src/main/AndroidManifest.xml:15:19-49
26        <activity android:name="com.example.a35study.Board" />
26-->src/main/AndroidManifest.xml:16:9-43
26-->src/main/AndroidManifest.xml:16:19-40
27        <activity android:name="com.example.a35study.AppleElement" />
27-->src/main/AndroidManifest.xml:17:9-50
27-->src/main/AndroidManifest.xml:17:19-47
28        <activity android:name="com.example.a35study.GameStartActivity" />
28-->src/main/AndroidManifest.xml:18:9-55
28-->src/main/AndroidManifest.xml:18:19-52
29        <activity android:name="com.example.a35study.GameActivity" />
29-->src/main/AndroidManifest.xml:19:9-50
29-->src/main/AndroidManifest.xml:19:19-47
30        <activity android:name="com.example.a35study.SnakeGameView" />
30-->src/main/AndroidManifest.xml:20:9-51
30-->src/main/AndroidManifest.xml:20:19-48
31        <activity android:name="com.example.a35study.MainActivity" >
31-->src/main/AndroidManifest.xml:21:9-27:20
31-->src/main/AndroidManifest.xml:21:19-47
32            <intent-filter>
32-->src/main/AndroidManifest.xml:22:13-26:29
33                <action android:name="android.intent.action.MAIN" />
33-->src/main/AndroidManifest.xml:23:17-69
33-->src/main/AndroidManifest.xml:23:25-66
34
35                <category android:name="android.intent.category.LAUNCHER" />
35-->src/main/AndroidManifest.xml:25:17-77
35-->src/main/AndroidManifest.xml:25:27-74
36            </intent-filter>
37        </activity>
38    </application>
39
40</manifest>